<!DOCTYPE html>
<html>
<head>
<title></title>
<meta charset="UTF-8">
</head>
<body>
<table border="1" style="border-collapse:collapse">
<tr><th>QUERY PLAN</th></tr>
<tr><td>Sort  (cost=47.98..48.04 rows=25 width=8)</td></tr>
<tr><td>  Sort Key: id DESC</td></tr>
<tr><td>  -&gt;  Seq Scan on ticket  (cost=0.00..47.40 rows=25 width=8)</td></tr>
<tr><td>        Filter: (price = ANY (&#39;{350,500}&#39;::double precision[]))</td></tr>
</table>
</body>
</html>
