<!DOCTYPE html>
<html>
<head>
<title></title>
<meta charset="UTF-8">
</head>
<body>
<table border="1" style="border-collapse:collapse">
<tr><th>QUERY PLAN</th></tr>
<tr><td>Limit  (cost=66.00..66.01 rows=3 width=8)</td></tr>
<tr><td>  -&gt;  Sort  (cost=66.00..68.42 rows=967 width=8)</td></tr>
<tr><td>        Sort Key: price DESC</td></tr>
<tr><td>        -&gt;  Seq Scan on ticket  (cost=0.00..53.50 rows=967 width=8)</td></tr>
<tr><td>              Filter: ((price &gt; &#39;500&#39;::double precision) AND (price &lt; &#39;1000&#39;::double precision))</td></tr>
</table>
</body>
</html>
