<!DOCTYPE html>
<html>
<head>
<title></title>
<meta charset="UTF-8">
</head>
<body>
<table border="1" style="border-collapse:collapse">
<tr><th>QUERY PLAN</th></tr>
<tr><td>Aggregate  (cost=130.34..130.35 rows=1 width=16)</td></tr>
<tr><td>  -&gt;  Hash Semi Join  (cost=82.65..130.30 rows=8 width=8)</td></tr>
<tr><td>        Hash Cond: (session_movie_price.session_id = &quot;ANY_subquery&quot;.id)</td></tr>
<tr><td>        -&gt;  Seq Scan on session_movie_price  (cost=0.00..41.00 rows=2500 width=12)</td></tr>
<tr><td>        -&gt;  Hash  (cost=82.59..82.59 rows=5 width=4)</td></tr>
<tr><td>              -&gt;  Subquery Scan on &quot;ANY_subquery&quot;  (cost=82.52..82.59 rows=5 width=4)</td></tr>
<tr><td>                    -&gt;  Limit  (cost=82.52..82.54 rows=5 width=8)</td></tr>
<tr><td>                          -&gt;  Sort  (cost=82.52..88.77 rows=2500 width=8)</td></tr>
<tr><td>                                Sort Key: session.movie_id DESC</td></tr>
<tr><td>                                -&gt;  Seq Scan on session  (cost=0.00..41.00 rows=2500 width=8)</td></tr>
</table>
</body>
</html>
