<!DOCTYPE html>
<html>
<head>
<title></title>
<meta charset="UTF-8">
</head>
<body>
<table border="1" style="border-collapse:collapse">
<tr><th>QUERY PLAN</th></tr>
<tr><td>Nested Loop  (cost=1.18..977.32 rows=210 width=150)</td></tr>
<tr><td>  -&gt;  Nested Loop  (cost=1.02..955.76 rows=210 width=138)</td></tr>
<tr><td>        -&gt;  Nested Loop  (cost=0.59..21.91 rows=210 width=130)</td></tr>
<tr><td>              -&gt;  Index Only Scan using ix1 on session s  (cost=0.43..12.53 rows=210 width=16)</td></tr>
<tr><td>                    Index Cond: (start_date = ANY (&#39;{&quot;2023-07-10 00:00:00&quot;,&quot;2023-07-16 00:00:00&quot;}&#39;::timestamp without time zone[]))</td></tr>
<tr><td>              -&gt;  Memoize  (cost=0.16..0.39 rows=1 width=122)</td></tr>
<tr><td>                    Cache Key: s.cinema_hall_id</td></tr>
<tr><td>                    Cache Mode: logical</td></tr>
<tr><td>                    -&gt;  Index Scan using cinema_hall_pkey on cinema_hall ch  (cost=0.15..0.38 rows=1 width=122)</td></tr>
<tr><td>                          Index Cond: (id = s.cinema_hall_id)</td></tr>
<tr><td>        -&gt;  Index Only Scan using session_movie_price_session_id_movie_id_price_index on session_movie_price smp  (cost=0.43..4.43 rows=2 width=16)</td></tr>
<tr><td>              Index Cond: (session_id = s.id)</td></tr>
<tr><td>  -&gt;  Memoize  (cost=0.15..0.17 rows=1 width=20)</td></tr>
<tr><td>        Cache Key: smp.movie_id</td></tr>
<tr><td>        Cache Mode: logical</td></tr>
<tr><td>        -&gt;  Index Only Scan using movie_id_name_index on movie m  (cost=0.14..0.16 rows=1 width=20)</td></tr>
<tr><td>              Index Cond: (id = smp.movie_id)</td></tr>
</table>
</body>
</html>
