<!DOCTYPE html>
<html>
<head>
<title></title>
<meta charset="UTF-8">
</head>
<body>
<table border="1" style="border-collapse:collapse">
<tr><th>QUERY PLAN</th></tr>
<tr><td>Aggregate  (cost=8.95..8.96 rows=1 width=16)</td></tr>
<tr><td>  -&gt;  Index Only Scan using ix2 on session_movie_price  (cost=0.43..8.93 rows=4 width=8)</td></tr>
<tr><td>        Index Cond: (session_id = ANY (&#39;{200,5000}&#39;::integer[]))</td></tr>
</table>
</body>
</html>
