Group  (cost=172.44..172.58 rows=28 width=516)
  Group Key: films.name
  ->  Sort  (cost=172.44..172.51 rows=28 width=516)
        Sort Key: films.name
        ->  Hash Join  (cost=12.93..171.77 rows=28 width=516)
              Hash Cond: (sessions.film_id = films.id)
              ->  Seq Scan on sessions  (cost=0.00..158.77 rows=28 width=4)
                    Filter: ((time_start)::date = CURRENT_DATE)
              ->  Hash  (cost=11.30..11.30 rows=130 width=524)
                    ->  Seq Scan on films  (cost=0.00..11.30 rows=130 width=524)
