Aggregate  (cost=268.41..268.42 rows=1 width=8)
  InitPlan 1 (returns $0)
    ->  Result  (cost=0.00..0.02 rows=1 width=8)
  InitPlan 2 (returns $1)
    ->  Result  (cost=0.00..0.02 rows=1 width=8)
  ->  Hash Join  (cost=173.09..268.31 rows=25 width=8)
        Hash Cond: (tickets.session_id = sessions.id)
        ->  Seq Scan on tickets  (cost=0.00..82.07 rows=5007 width=12)
        ->  Hash  (cost=172.74..172.74 rows=28 width=8)
              ->  Seq Scan on sessions  (cost=0.00..172.74 rows=28 width=8)
                    Filter: (((time_start)::date >= $0) AND ((time_start)::date <= $1))
