<!DOCTYPE html>
<html>
<head>
<title></title>
<meta charset="UTF-8">
</head>
<body>
<table border="1" style="border-collapse:collapse">
<tr><th>QUERY PLAN</th></tr>
<tr><td>Limit  (cost=205107.75..205107.77 rows=5 width=32)</td></tr>
<tr><td>  -&gt;  Sort  (cost=205107.75..205758.25 rows=260200 width=32)</td></tr>
<tr><td>        Sort Key: (sum(t.price)) DESC</td></tr>
<tr><td>        -&gt;  Finalize GroupAggregate  (cost=127641.27..200785.92 rows=260200 width=32)</td></tr>
<tr><td>              Group Key: m.name, t.price</td></tr>
<tr><td>              -&gt;  Gather Merge  (cost=127641.27..194280.92 rows=520400 width=32)</td></tr>
<tr><td>                    Workers Planned: 2</td></tr>
<tr><td>                    -&gt;  Partial GroupAggregate  (cost=126641.25..133213.83 rows=260200 width=32)</td></tr>
<tr><td>                          Group Key: m.name, t.price</td></tr>
<tr><td>                          -&gt;  Sort  (cost=126641.25..127633.89 rows=397058 width=24)</td></tr>
<tr><td>                                Sort Key: m.name, t.price</td></tr>
<tr><td>                                -&gt;  Hash Join  (cost=38489.35..81572.36 rows=397058 width=24)</td></tr>
<tr><td>                                      Hash Cond: (s.movie_id = m.id)</td></tr>
<tr><td>                                      -&gt;  Parallel Hash Join  (cost=38482.85..80501.50 rows=397058 width=12)</td></tr>
<tr><td>                                            Hash Cond: (s.id = t.session_id)</td></tr>
<tr><td>                                            -&gt;  Parallel Seq Scan on session s  (cost=0.00..26367.08 rows=1042708 width=8)</td></tr>
<tr><td>                                            -&gt;  Parallel Hash  (cost=31580.62..31580.62 rows=397058 width=12)</td></tr>
<tr><td>                                                  -&gt;  Parallel Seq Scan on ticket t  (cost=0.00..31580.62 rows=397058 width=12)</td></tr>
<tr><td>                                                        Filter: ((price &gt; &#39;500&#39;::double precision) AND (price &lt; &#39;1000&#39;::double precision))</td></tr>
<tr><td>                                      -&gt;  Hash  (cost=4.00..4.00 rows=200 width=20)</td></tr>
<tr><td>                                            -&gt;  Seq Scan on movie m  (cost=0.00..4.00 rows=200 width=20)</td></tr>
<tr><td>JIT:</td></tr>
<tr><td>  Functions: 29</td></tr>
<tr><td>  Options: Inlining false, Optimization false, Expressions true, Deforming true</td></tr>
</table>
</body>
</html>
