<!DOCTYPE html>
<html>
<head>
<title></title>
<meta charset="UTF-8">
</head>
<body>
<table border="1" style="border-collapse:collapse">
<tr><th>QUERY PLAN</th></tr>
<tr><td>Gather Merge  (cost=77768.67..78985.12 rows=10426 width=150)</td></tr>
<tr><td>  Workers Planned: 2</td></tr>
<tr><td>  -&gt;  Sort  (cost=76768.65..76781.68 rows=5213 width=150)</td></tr>
<tr><td>        Sort Key: s.start_date</td></tr>
<tr><td>        -&gt;  Hash Join  (cost=47314.84..76446.80 rows=5213 width=150)</td></tr>
<tr><td>              Hash Cond: (s.movie_id = m.id)</td></tr>
<tr><td>              -&gt;  Hash Join  (cost=47308.34..76426.32 rows=5213 width=138)</td></tr>
<tr><td>                    Hash Cond: (s.cinema_hall_id = ch.id)</td></tr>
<tr><td>                    -&gt;  Parallel Hash Join  (cost=47286.41..76390.60 rows=5213 width=24)</td></tr>
<tr><td>                          Hash Cond: (smp.session_id = s.id)</td></tr>
<tr><td>                          -&gt;  Parallel Seq Scan on session_movie_price smp  (cost=0.00..26367.08 rows=1042708 width=12)</td></tr>
<tr><td>                          -&gt;  Parallel Hash  (cost=47221.25..47221.25 rows=5213 width=20)</td></tr>
<tr><td>                                -&gt;  Parallel Seq Scan on session s  (cost=0.00..47221.25 rows=5213 width=20)</td></tr>
<tr><td>                                      Filter: ((date(start_date) &lt; (CURRENT_DATE + &#39;3 days&#39;::interval)) AND (date(start_date) &gt; (CURRENT_DATE - &#39;3 days&#39;::interval)))</td></tr>
<tr><td>                    -&gt;  Hash  (cost=15.30..15.30 rows=530 width=122)</td></tr>
<tr><td>                          -&gt;  Seq Scan on cinema_hall ch  (cost=0.00..15.30 rows=530 width=122)</td></tr>
<tr><td>              -&gt;  Hash  (cost=4.00..4.00 rows=200 width=20)</td></tr>
<tr><td>                    -&gt;  Seq Scan on movie m  (cost=0.00..4.00 rows=200 width=20)</td></tr>
</table>
</body>
</html>
