<!DOCTYPE html>
<html>
<head>
<title></title>
<meta charset="UTF-8">
</head>
<body>
<table border="1" style="border-collapse:collapse">
<tr><th>QUERY PLAN</th></tr>
<tr><td>Aggregate  (cost=92221.03..92221.04 rows=1 width=16)</td></tr>
<tr><td>  -&gt;  Hash Semi Join  (cost=44686.81..92220.98 rows=10 width=8)</td></tr>
<tr><td>        Hash Cond: (session_movie_price.session_id = &quot;ANY_subquery&quot;.id)</td></tr>
<tr><td>        -&gt;  Seq Scan on session_movie_price  (cost=0.00..40965.00 rows=2502500 width=12)</td></tr>
<tr><td>        -&gt;  Hash  (cost=44686.75..44686.75 rows=5 width=4)</td></tr>
<tr><td>              -&gt;  Subquery Scan on &quot;ANY_subquery&quot;  (cost=44686.11..44686.75 rows=5 width=4)</td></tr>
<tr><td>                    -&gt;  Limit  (cost=44686.11..44686.70 rows=5 width=8)</td></tr>
<tr><td>                          -&gt;  Gather Merge  (cost=44686.11..288001.63 rows=2085416 width=8)</td></tr>
<tr><td>                                Workers Planned: 2</td></tr>
<tr><td>                                -&gt;  Sort  (cost=43686.09..46292.86 rows=1042708 width=8)</td></tr>
<tr><td>                                      Sort Key: session.movie_id DESC</td></tr>
<tr><td>                                      -&gt;  Parallel Seq Scan on session  (cost=0.00..26367.08 rows=1042708 width=8)</td></tr>
</table>
</body>
</html>
